<?xml version="1.0" encoding="UTF-8"?>
<testng-results ignored="0" total="2" passed="2" failed="0" skipped="0">
  <reporter-output>
  </reporter-output>
  <suite started-at="2019-05-29T07:17:58Z" name="Default suite" finished-at="2019-05-29T07:18:29Z" duration-ms="31313">
    <groups>
    </groups>
    <test started-at="2019-05-29T07:17:58Z" name="Default test" finished-at="2019-05-29T07:18:29Z" duration-ms="31313">
      <class name="test.simple_1">
        <test-method signature="search()[pri:0, instance:test.simple_1@169e6180]" started-at="2019-05-29T07:17:58Z" name="search" finished-at="2019-05-29T07:18:15Z" duration-ms="17202" status="PASS">
          <reporter-output>
          </reporter-output>
        </test-method> <!-- search -->
      </class> <!-- test.simple_1 -->
      <class name="test.simple">
        <test-method is-config="true" signature="setup(org.testng.ITestContext)[pri:0, instance:test.simple@35aea049]" started-at="2019-05-29T07:17:55Z" name="setup" finished-at="2019-05-29T07:17:58Z" duration-ms="2113" status="PASS">
          <params>
            <param index="0">
              <value>
                <![CDATA[org.testng.TestRunner@7ee55e70]]>
              </value>
            </param>
          </params>
          <reporter-output>
          </reporter-output>
        </test-method> <!-- setup -->
        <test-method is-config="true" signature="setup(org.testng.ITestContext)[pri:0, instance:test.simple_1@169e6180]" started-at="2019-05-29T07:17:58Z" name="setup" finished-at="2019-05-29T07:17:58Z" duration-ms="113" status="PASS">
          <params>
            <param index="0">
              <value>
                <![CDATA[org.testng.TestRunner@7ee55e70]]>
              </value>
            </param>
          </params>
          <reporter-output>
          </reporter-output>
        </test-method> <!-- setup -->
        <test-method signature="doLogin()[pri:0, instance:test.simple@35aea049]" started-at="2019-05-29T07:18:15Z" name="doLogin" finished-at="2019-05-29T07:18:29Z" duration-ms="14087" status="PASS">
          <reporter-output>
          </reporter-output>
        </test-method> <!-- doLogin -->
        <test-method is-config="true" signature="Teardown()[pri:0, instance:test.simple@35aea049]" started-at="2019-05-29T07:18:29Z" name="Teardown" finished-at="2019-05-29T07:18:29Z" duration-ms="1" status="PASS">
          <reporter-output>
          </reporter-output>
        </test-method> <!-- Teardown -->
        <test-method is-config="true" signature="Teardown()[pri:0, instance:test.simple_1@169e6180]" started-at="2019-05-29T07:18:29Z" name="Teardown" finished-at="2019-05-29T07:18:29Z" duration-ms="0" status="PASS">
          <reporter-output>
          </reporter-output>
        </test-method> <!-- Teardown -->
      </class> <!-- test.simple -->
    </test> <!-- Default test -->
  </suite> <!-- Default suite -->
</testng-results>
